<?xml version="1.0" encoding="UTF-8"?>
<!-- Generated by org.testng.reporters.JUnitReportReporter -->
<testsuite hostname="Thabo" failures="0" tests="1" name="scripts.E_Comm_147_Shipping_Address_page_Next_button_with_empty_data" time="41.754" errors="0" timestamp="2024-06-27T15:38:44 SAST" skipped="0">
  <testcase classname="scripts.E_Comm_147_Shipping_Address_page_Next_button_with_empty_data" name="TC147" time="41.754"/>
  <system-out/>
</testsuite> <!-- scripts.E_Comm_147_Shipping_Address_page_Next_button_with_empty_data -->
