<?xml version="1.0" encoding="UTF-8"?>
<!-- Generated by org.testng.reporters.JUnitReportReporter -->
<testsuite hostname="Thabo" failures="0" tests="1" name="luma.E_Comm_20" time="22.749" errors="0" timestamp="2024-06-27T15:38:44 SAST" skipped="0">
  <testcase classname="luma.E_Comm_20" name="addToCart" time="22.749"/>
  <system-out/>
</testsuite> <!-- luma.E_Comm_20 -->
