<?xml version="1.0" encoding="UTF-8"?>
<!-- Generated by org.testng.reporters.JUnitReportReporter -->
<testsuite hostname="Thabo" failures="0" tests="1" name="scripts.E_Comm_3_Navigate_to_website" time="8.293" errors="0" timestamp="2024-06-27T15:38:44 SAST" skipped="0">
  <testcase classname="scripts.E_Comm_3_Navigate_to_website" name="TC3" time="8.293"/>
  <system-out/>
</testsuite> <!-- scripts.E_Comm_3_Navigate_to_website -->
