<?xml version="1.0" encoding="UTF-8"?>
<!-- Generated by org.testng.reporters.JUnitReportReporter -->
<testsuite hostname="Thabo" failures="0" tests="1" name="automationTest.E_Comm_129_Shipping_page_New_Address_button" time="39.493" errors="0" timestamp="2024-06-26T15:56:50 SAST" skipped="0">
  <testcase classname="automationTest.E_Comm_129_Shipping_page_New_Address_button" name="TC129" time="39.493"/>
  <system-out/>
</testsuite> <!-- automationTest.E_Comm_129_Shipping_page_New_Address_button -->
