<?xml version="1.0" encoding="UTF-8"?>
<!-- Generated by org.testng.reporters.JUnitReportReporter -->
<testsuite hostname="Thabo" failures="0" tests="1" name="luma.E_Comm_120" time="3.240" errors="0" timestamp="2024-06-26T15:56:50 SAST" skipped="0">
  <testcase classname="luma.E_Comm_120" name="verifyProductPageAttributes" time="3.240"/>
  <system-out/>
</testsuite> <!-- luma.E_Comm_120 -->
