<?xml version="1.0" encoding="UTF-8"?>
<!-- Generated by org.testng.reporters.JUnitReportReporter -->
<testsuite hostname="Thabo" failures="0" tests="1" name="automationTest.E_Comm_139_Shopping_cart_icon" time="53.586" errors="0" timestamp="2024-06-27T15:38:44 SAST" skipped="0">
  <testcase classname="automationTest.E_Comm_139_Shopping_cart_icon" name="verifyShoppingCartIconFunctionality" time="53.586"/>
  <system-out/>
</testsuite> <!-- automationTest.E_Comm_139_Shopping_cart_icon -->
