<?xml version="1.0" encoding="UTF-8"?>
<!-- Generated by org.testng.reporters.JUnitReportReporter -->
<testsuite hostname="Thabo" failures="0" tests="1" name="scripts.E_Comm_4_Magento_landing_Men_link" time="26.384" errors="0" timestamp="2024-06-27T15:38:44 SAST" skipped="0">
  <testcase classname="scripts.E_Comm_4_Magento_landing_Men_link" name="TC4" time="26.384"/>
  <system-out/>
</testsuite> <!-- scripts.E_Comm_4_Magento_landing_Men_link -->
