<?xml version="1.0" encoding="UTF-8"?>
<!-- Generated by org.testng.reporters.JUnitReportReporter -->
<testsuite hostname="Thabo" failures="0" tests="1" name="scripts.E_Comm_123_Checkout_page_Review_Payments_Ship_To" time="44.083" errors="0" timestamp="2024-06-26T15:56:50 SAST" skipped="0">
  <testcase classname="scripts.E_Comm_123_Checkout_page_Review_Payments_Ship_To" name="TC123" time="44.083"/>
  <system-out/>
</testsuite> <!-- scripts.E_Comm_123_Checkout_page_Review_Payments_Ship_To -->
