<?xml version="1.0" encoding="UTF-8"?>
<!-- Generated by org.testng.reporters.JUnitReportReporter -->
<testsuite hostname="Thabo" failures="0" tests="1" name="automationTest.E_Comm_130_Checkout_page_Review_Payments_Place_Order_button_Test" time="36.581" errors="0" timestamp="2024-06-27T15:38:44 SAST" skipped="0">
  <testcase classname="automationTest.E_Comm_130_Checkout_page_Review_Payments_Place_Order_button_Test" name="TC129" time="36.581"/>
  <system-out/>
</testsuite> <!-- automationTest.E_Comm_130_Checkout_page_Review_Payments_Place_Order_button_Test -->
