<?xml version="1.0" encoding="UTF-8"?>
<!-- Generated by org.testng.reporters.JUnitReportReporter -->
<testsuite hostname="Thabo" failures="0" tests="1" name="scripts.E_Comm_108_Sign_In_Link__Customer_Login_with_invalid_data" time="48.273" errors="0" timestamp="2024-06-26T15:56:50 SAST" skipped="0">
  <testcase classname="scripts.E_Comm_108_Sign_In_Link__Customer_Login_with_invalid_data" name="TC108" time="48.273"/>
  <system-out/>
</testsuite> <!-- scripts.E_Comm_108_Sign_In_Link__Customer_Login_with_invalid_data -->
