<?xml version="1.0" encoding="UTF-8"?>
<!-- Generated by org.testng.reporters.JUnitReportReporter -->
<testsuite hostname="Thabo" failures="0" tests="1" name="scripts.E_Comm_148_Shipping_Address_page_Next_button_with_Shipping_method_logged_out" time="44.029" errors="0" timestamp="2024-06-27T15:38:44 SAST" skipped="0">
  <testcase classname="scripts.E_Comm_148_Shipping_Address_page_Next_button_with_Shipping_method_logged_out" name="TC148" time="44.029"/>
  <system-out/>
</testsuite> <!-- scripts.E_Comm_148_Shipping_Address_page_Next_button_with_Shipping_method_logged_out -->
