<?xml version="1.0" encoding="UTF-8"?>
<!-- Generated by org.testng.reporters.JUnitReportReporter -->
<testsuite hostname="Thabo" failures="0" tests="1" name="scripts.E_Comm_20_To_verify_the_functionality_of_add_to_cart_button" time="23.311" errors="0" timestamp="2024-06-27T15:38:44 SAST" skipped="0">
  <testcase classname="scripts.E_Comm_20_To_verify_the_functionality_of_add_to_cart_button" name="TC20" time="23.311"/>
  <system-out/>
</testsuite> <!-- scripts.E_Comm_20_To_verify_the_functionality_of_add_to_cart_button -->
