<?xml version="1.0" encoding="UTF-8"?>
<!-- Generated by org.testng.reporters.JUnitReportReporter -->
<testsuite hostname="Thabo" failures="0" tests="1" name="automationTest.E_Comm_111_Sign_In_Link_Customer_Login_page_Create_An_Account_Button" time="8.120" errors="0" timestamp="2024-06-26T15:56:50 SAST" skipped="0">
  <testcase classname="automationTest.E_Comm_111_Sign_In_Link_Customer_Login_page_Create_An_Account_Button" name="TC111" time="8.120"/>
  <system-out/>
</testsuite> <!-- automationTest.E_Comm_111_Sign_In_Link_Customer_Login_page_Create_An_Account_Button -->
