<?xml version="1.0" encoding="UTF-8"?>
<!-- Generated by org.testng.reporters.JUnitReportReporter -->
<testsuite hostname="Thabo" failures="0" tests="1" name="scripts.E_Comm_110_SignIn_link_Customer_Login_page_Sign_In_button_with_empty_space" time="168.647" errors="0" timestamp="2024-06-26T15:56:50 SAST" skipped="0">
  <testcase classname="scripts.E_Comm_110_SignIn_link_Customer_Login_page_Sign_In_button_with_empty_space" name="TC110" time="168.647"/>
  <system-out/>
</testsuite> <!-- scripts.E_Comm_110_SignIn_link_Customer_Login_page_Sign_In_button_with_empty_space -->
