<?xml version="1.0" encoding="UTF-8"?>
<!-- Generated by org.testng.reporters.JUnitReportReporter -->
<testsuite hostname="Thabo" failures="0" tests="1" name="scripts.E_Comm_83_Create_an_Account_link_Create_New_Customer_Account_page_with_invalidData" time="14.881" errors="0" timestamp="2024-06-27T15:38:44 SAST" skipped="0">
  <testcase classname="scripts.E_Comm_83_Create_an_Account_link_Create_New_Customer_Account_page_with_invalidData" name="TC83" time="14.881"/>
  <system-out/>
</testsuite> <!-- scripts.E_Comm_83_Create_an_Account_link_Create_New_Customer_Account_page_with_invalidData -->
