<?xml version="1.0" encoding="UTF-8"?>
<!-- Generated by org.testng.reporters.JUnitReportReporter -->
<testsuite hostname="Thabo" failures="0" tests="1" name="scripts.E_Comm_149_Shipping_Address_page_Next_button_with_Shipping_method_logged_in" time="51.464" errors="0" timestamp="2024-06-27T15:38:44 SAST" skipped="0">
  <testcase classname="scripts.E_Comm_149_Shipping_Address_page_Next_button_with_Shipping_method_logged_in" name="TC149" time="51.464"/>
  <system-out/>
</testsuite> <!-- scripts.E_Comm_149_Shipping_Address_page_Next_button_with_Shipping_method_logged_in -->
