<?xml version="1.0" encoding="UTF-8"?>
<!-- Generated by org.testng.reporters.JUnitReportReporter -->
<testsuite hostname="Thabo" failures="0" tests="1" name="scripts.E_Comm_132_Shipping_page_Order_summery_dropdown" time="63.655" errors="0" timestamp="2024-06-26T15:56:50 SAST" skipped="0">
  <testcase classname="scripts.E_Comm_132_Shipping_page_Order_summery_dropdown" name="TC132" time="63.655"/>
  <system-out/>
</testsuite> <!-- scripts.E_Comm_132_Shipping_page_Order_summery_dropdown -->
