<?xml version="1.0" encoding="UTF-8"?>
<!-- Generated by org.testng.reporters.JUnitReportReporter -->
<testsuite hostname="Thabo" failures="0" tests="1" name="scripts.E_Comm_95_Create_An_Account_Create_New_Customer_Account_with_empty_spaces" time="30.783" errors="0" timestamp="2024-06-20T08:18:29 SAST" skipped="0">
  <testcase classname="scripts.E_Comm_95_Create_An_Account_Create_New_Customer_Account_with_empty_spaces" name="TC95" time="30.783"/>
  <system-out/>
</testsuite> <!-- scripts.E_Comm_95_Create_An_Account_Create_New_Customer_Account_with_empty_spaces -->
